<?xml version="1.0" encoding="UTF-8"?>
<testng-results skipped="0" failed="0" ignored="0" total="1" passed="1">
  <reporter-output>
  </reporter-output>
  <suite name="Default suite" duration-ms="6954" started-at="2020-02-28T11:46:22Z" finished-at="2020-02-28T11:46:29Z">
    <groups>
    </groups>
    <test name="Default test" duration-ms="6954" started-at="2020-02-28T11:46:22Z" finished-at="2020-02-28T11:46:29Z">
      <class name="com.testyantra.typroject.Tests.Test_01">
        <test-method status="PASS" signature="test()[pri:0, instance:com.testyantra.typroject.Tests.Test_01@4501b7af]" name="test" duration-ms="6910" started-at="2020-02-28T11:46:22Z" finished-at="2020-02-28T11:46:29Z">
          <reporter-output>
          </reporter-output>
        </test-method> <!-- test -->
      </class> <!-- com.testyantra.typroject.Tests.Test_01 -->
    </test> <!-- Default test -->
  </suite> <!-- Default suite -->
</testng-results>
